<?xml version="1.0" encoding="UTF-8"?>
<!-- Generated by org.testng.reporters.JUnitReportReporter -->
<testsuite hostname="Dibyansh_Verma" failures="0" tests="1" name="DibyanshVerma.ExtendReports.ExtentReportDemo" time="4.122" errors="0" timestamp="2024-05-11T11:55:53 IST" skipped="0">
  <testcase classname="DibyanshVerma.ExtendReports.ExtentReportDemo" name="initialDemo" time="4.122"/>
</testsuite> <!-- DibyanshVerma.ExtendReports.ExtentReportDemo -->
