<?xml version="1.0" encoding="UTF-8"?>
<!-- Generated by org.testng.reporters.JUnitReportReporter -->
<testsuite hostname="Dibyansh_Verma" failures="0" tests="1" name="DibyanshVerma.ExtendReports.ExtentReportDemo" time="6.144" errors="0" timestamp="2024-05-23T19:51:03 IST" skipped="0">
  <testcase classname="DibyanshVerma.ExtendReports.ExtentReportDemo" name="initialDemo" time="6.144"/>
</testsuite> <!-- DibyanshVerma.ExtendReports.ExtentReportDemo -->
