<?xml version="1.0" encoding="UTF-8"?>
<!-- Generated by org.testng.reporters.JUnitReportReporter -->
<testsuite hostname="Dibyansh_Verma" failures="0" tests="1" name="DibyanshVerma.ExtendReports.ExtendReportDemo" time="4.402" errors="0" timestamp="2024-05-11T11:34:53 IST" skipped="0">
  <testcase classname="DibyanshVerma.ExtendReports.ExtendReportDemo" name="initialDemo" time="4.402"/>
</testsuite> <!-- DibyanshVerma.ExtendReports.ExtendReportDemo -->
